<?xml version="1.0" encoding="UTF-8"?>
<!-- Generated by org.testng.reporters.JUnitXMLReporter -->
<testsuite hostname="XIPL0505" ignored="0" name="EmployeeRestAPITest" tests="38" failures="2" timestamp="23 Aug 2019 10:33:13 GMT" time="34.997" errors="0">
  <testcase name="ContentEncoding" time="0.019" classname="com.employeeapi.testcases.TC001_GET_All_Employees"/>
  <testcase name="checkContentLength" time="0.002" classname="com.employeeapi.testcases.TC001_GET_All_Employees"/>
  <testcase name="checkContentType" time="0.003" classname="com.employeeapi.testcases.TC001_GET_All_Employees"/>
  <testcase name="checkCookies" time="0.003" classname="com.employeeapi.testcases.TC001_GET_All_Employees"/>
  <testcase name="checkResponseBody" time="0.113" classname="com.employeeapi.testcases.TC001_GET_All_Employees"/>
  <testcase name="checkResponseTime" time="0.003" classname="com.employeeapi.testcases.TC001_GET_All_Employees"/>
  <testcase name="checkServerType" time="0.003" classname="com.employeeapi.testcases.TC001_GET_All_Employees"/>
  <testcase name="checkStatusCode" time="0.004" classname="com.employeeapi.testcases.TC001_GET_All_Employees"/>
  <testcase name="checkStatusLine" time="0.002" classname="com.employeeapi.testcases.TC001_GET_All_Employees"/>
  <testcase name="ContentEncoding" time="0.004" classname="com.employeeapi.testcases.TC002_GET_Single_Employee_Record"/>
  <testcase name="checkContentLength" time="0.003" classname="com.employeeapi.testcases.TC002_GET_Single_Employee_Record"/>
  <testcase name="checkContentType" time="0.004" classname="com.employeeapi.testcases.TC002_GET_Single_Employee_Record"/>
  <testcase name="checkResponseBody" time="0.004" classname="com.employeeapi.testcases.TC002_GET_Single_Employee_Record"/>
  <testcase name="checkResponseTime" time="0.005" classname="com.employeeapi.testcases.TC002_GET_Single_Employee_Record"/>
  <testcase name="checkServerType" time="0.002" classname="com.employeeapi.testcases.TC002_GET_Single_Employee_Record"/>
  <testcase name="checkStatusCode" time="0.002" classname="com.employeeapi.testcases.TC002_GET_Single_Employee_Record"/>
  <testcase name="checkStatusLine" time="0.002" classname="com.employeeapi.testcases.TC002_GET_Single_Employee_Record"/>
  <testcase name="checkContentLength" time="0.004" classname="com.employeeapi.testcases.TC003_POST_Employee_Record"/>
  <testcase name="checkContentType" time="0.002" classname="com.employeeapi.testcases.TC003_POST_Employee_Record"/>
  <testcase name="checkResponseBody" time="0.003" classname="com.employeeapi.testcases.TC003_POST_Employee_Record">
    <failure type="java.lang.AssertionError" message="expected [true] but found [false]">
      <![CDATA[java.lang.AssertionError: expected [true] but found [false]
at com.employeeapi.testcases.TC003_POST_Employee_Record.checkResponseBody(TC003_POST_Employee_Record.java:58)
... Removed 31 stack frames]]>
    </failure>
  </testcase> <!-- checkResponseBody -->
  <testcase name="checkResponseTime" time="0.002" classname="com.employeeapi.testcases.TC003_POST_Employee_Record"/>
  <testcase name="checkServerType" time="0.002" classname="com.employeeapi.testcases.TC003_POST_Employee_Record"/>
  <testcase name="checkStatusCode" time="0.001" classname="com.employeeapi.testcases.TC003_POST_Employee_Record"/>
  <testcase name="checkStatusLine" time="0.003" classname="com.employeeapi.testcases.TC003_POST_Employee_Record"/>
  <testcase name="checkContentLength" time="0.001" classname="com.employeeapi.testcases.TC004_PUT_Employee_Record"/>
  <testcase name="checkContentType" time="0.001" classname="com.employeeapi.testcases.TC004_PUT_Employee_Record"/>
  <testcase name="checkResponseBody" time="0.001" classname="com.employeeapi.testcases.TC004_PUT_Employee_Record">
    <failure type="java.lang.AssertionError" message="expected [true] but found [false]">
      <![CDATA[java.lang.AssertionError: expected [true] but found [false]
at com.employeeapi.testcases.TC004_PUT_Employee_Record.checkResponseBody(TC004_PUT_Employee_Record.java:57)
... Removed 31 stack frames]]>
    </failure>
  </testcase> <!-- checkResponseBody -->
  <testcase name="checkResponseTime" time="0.001" classname="com.employeeapi.testcases.TC004_PUT_Employee_Record"/>
  <testcase name="checkServerType" time="0.002" classname="com.employeeapi.testcases.TC004_PUT_Employee_Record"/>
  <testcase name="checkStatusCode" time="0.001" classname="com.employeeapi.testcases.TC004_PUT_Employee_Record"/>
  <testcase name="checkStatusLine" time="0.001" classname="com.employeeapi.testcases.TC004_PUT_Employee_Record"/>
  <testcase name="checkContentLength" time="0.003" classname="com.employeeapi.testcases.TC005_DELETE_Employee_Record"/>
  <testcase name="checkContentType" time="0.003" classname="com.employeeapi.testcases.TC005_DELETE_Employee_Record"/>
  <testcase name="checkResponseBody" time="0.002" classname="com.employeeapi.testcases.TC005_DELETE_Employee_Record"/>
  <testcase name="checkResponseTime" time="0.001" classname="com.employeeapi.testcases.TC005_DELETE_Employee_Record"/>
  <testcase name="checkServerType" time="0.002" classname="com.employeeapi.testcases.TC005_DELETE_Employee_Record"/>
  <testcase name="checkStatusCode" time="0.002" classname="com.employeeapi.testcases.TC005_DELETE_Employee_Record"/>
  <testcase name="checkStatusLine" time="0.002" classname="com.employeeapi.testcases.TC005_DELETE_Employee_Record"/>
</testsuite> <!-- EmployeeRestAPITest -->
