<?xml version="1.0" encoding="UTF-8"?>
<!-- Generated by org.testng.reporters.JUnitXMLReporter -->
<testsuite hostname="XIPL0505" ignored="0" name="Default test" tests="7" failures="0" timestamp="23 Aug 2019 09:59:24 GMT" time="6.949" errors="0">
  <testcase name="checkContentLength" time="0.011" classname="com.employeeapi.testcases.TC004_PUT_Employee_Record"/>
  <testcase name="checkContentType" time="0.002" classname="com.employeeapi.testcases.TC004_PUT_Employee_Record"/>
  <testcase name="checkResponseBody" time="0.012" classname="com.employeeapi.testcases.TC004_PUT_Employee_Record"/>
  <testcase name="checkResponseTime" time="0.002" classname="com.employeeapi.testcases.TC004_PUT_Employee_Record"/>
  <testcase name="checkServerType" time="0.002" classname="com.employeeapi.testcases.TC004_PUT_Employee_Record"/>
  <testcase name="checkStatusCode" time="0.001" classname="com.employeeapi.testcases.TC004_PUT_Employee_Record"/>
  <testcase name="checkStatusLine" time="0.001" classname="com.employeeapi.testcases.TC004_PUT_Employee_Record"/>
</testsuite> <!-- Default test -->
