<?xml version="1.0" encoding="UTF-8"?>
<testng-results skipped="0" failed="2" ignored="0" total="38" passed="36">
  <reporter-output>
  </reporter-output>
  <suite name="EmployeeRestAPISuite" duration-ms="31938" started-at="2019-12-19T07:04:16Z" finished-at="2019-12-19T07:04:47Z">
    <groups>
    </groups>
    <test name="EmployeeRestAPITest" duration-ms="31938" started-at="2019-12-19T07:04:16Z" finished-at="2019-12-19T07:04:47Z">
      <class name="com.employeeapi.testcases.TC005_DELETE_Employee_Record">
        <test-method status="PASS" signature="setup()[pri:0, instance:com.employeeapi.testcases.TC005_DELETE_Employee_Record@52af6cff]" name="setup" is-config="true" duration-ms="12" started-at="2019-12-19T07:04:41Z" finished-at="2019-12-19T07:04:41Z">
          <reporter-output>
          </reporter-output>
        </test-method> <!-- setup -->
        <test-method status="PASS" signature="getEmployeeData()[pri:0, instance:com.employeeapi.testcases.TC005_DELETE_Employee_Record@52af6cff]" name="getEmployeeData" is-config="true" duration-ms="6577" started-at="2019-12-19T07:04:41Z" finished-at="2019-12-19T07:04:47Z">
          <reporter-output>
          </reporter-output>
        </test-method> <!-- getEmployeeData -->
        <test-method status="PASS" signature="checkContentLength()[pri:0, instance:com.employeeapi.testcases.TC005_DELETE_Employee_Record@52af6cff]" name="checkContentLength" duration-ms="1" started-at="2019-12-19T07:04:47Z" finished-at="2019-12-19T07:04:47Z">
          <reporter-output>
          </reporter-output>
        </test-method> <!-- checkContentLength -->
        <test-method status="PASS" signature="checkContentType()[pri:0, instance:com.employeeapi.testcases.TC005_DELETE_Employee_Record@52af6cff]" name="checkContentType" duration-ms="1" started-at="2019-12-19T07:04:47Z" finished-at="2019-12-19T07:04:47Z">
          <reporter-output>
          </reporter-output>
        </test-method> <!-- checkContentType -->
        <test-method status="PASS" signature="checkResponseBody()[pri:0, instance:com.employeeapi.testcases.TC005_DELETE_Employee_Record@52af6cff]" name="checkResponseBody" duration-ms="1" started-at="2019-12-19T07:04:47Z" finished-at="2019-12-19T07:04:47Z">
          <reporter-output>
          </reporter-output>
        </test-method> <!-- checkResponseBody -->
        <test-method status="PASS" signature="checkResponseTime()[pri:0, instance:com.employeeapi.testcases.TC005_DELETE_Employee_Record@52af6cff]" name="checkResponseTime" duration-ms="1" started-at="2019-12-19T07:04:47Z" finished-at="2019-12-19T07:04:47Z">
          <reporter-output>
          </reporter-output>
        </test-method> <!-- checkResponseTime -->
        <test-method status="PASS" signature="checkServerType()[pri:0, instance:com.employeeapi.testcases.TC005_DELETE_Employee_Record@52af6cff]" name="checkServerType" duration-ms="1" started-at="2019-12-19T07:04:47Z" finished-at="2019-12-19T07:04:47Z">
          <reporter-output>
          </reporter-output>
        </test-method> <!-- checkServerType -->
        <test-method status="PASS" signature="checkStatusCode()[pri:0, instance:com.employeeapi.testcases.TC005_DELETE_Employee_Record@52af6cff]" name="checkStatusCode" duration-ms="1" started-at="2019-12-19T07:04:47Z" finished-at="2019-12-19T07:04:47Z">
          <reporter-output>
          </reporter-output>
        </test-method> <!-- checkStatusCode -->
        <test-method status="PASS" signature="checkStatusLine()[pri:0, instance:com.employeeapi.testcases.TC005_DELETE_Employee_Record@52af6cff]" name="checkStatusLine" duration-ms="0" started-at="2019-12-19T07:04:47Z" finished-at="2019-12-19T07:04:47Z">
          <reporter-output>
          </reporter-output>
        </test-method> <!-- checkStatusLine -->
        <test-method status="PASS" signature="tearDown()[pri:0, instance:com.employeeapi.testcases.TC005_DELETE_Employee_Record@52af6cff]" name="tearDown" is-config="true" duration-ms="0" started-at="2019-12-19T07:04:47Z" finished-at="2019-12-19T07:04:47Z">
          <reporter-output>
          </reporter-output>
        </test-method> <!-- tearDown -->
      </class> <!-- com.employeeapi.testcases.TC005_DELETE_Employee_Record -->
      <class name="com.employeeapi.testcases.TC002_GET_Single_Employee_Record">
        <test-method status="PASS" signature="setup()[pri:0, instance:com.employeeapi.testcases.TC002_GET_Single_Employee_Record@5a61f5df]" name="setup" is-config="true" duration-ms="4" started-at="2019-12-19T07:04:23Z" finished-at="2019-12-19T07:04:23Z">
          <reporter-output>
          </reporter-output>
        </test-method> <!-- setup -->
        <test-method status="PASS" signature="getEmployeeData()[pri:0, instance:com.employeeapi.testcases.TC002_GET_Single_Employee_Record@5a61f5df]" name="getEmployeeData" is-config="true" duration-ms="6209" started-at="2019-12-19T07:04:23Z" finished-at="2019-12-19T07:04:29Z">
          <reporter-output>
          </reporter-output>
        </test-method> <!-- getEmployeeData -->
        <test-method status="PASS" signature="ContentEncoding()[pri:0, instance:com.employeeapi.testcases.TC002_GET_Single_Employee_Record@5a61f5df]" name="ContentEncoding" duration-ms="0" started-at="2019-12-19T07:04:29Z" finished-at="2019-12-19T07:04:29Z">
          <reporter-output>
          </reporter-output>
        </test-method> <!-- ContentEncoding -->
        <test-method status="PASS" signature="checkContentLength()[pri:0, instance:com.employeeapi.testcases.TC002_GET_Single_Employee_Record@5a61f5df]" name="checkContentLength" duration-ms="1" started-at="2019-12-19T07:04:29Z" finished-at="2019-12-19T07:04:29Z">
          <reporter-output>
          </reporter-output>
        </test-method> <!-- checkContentLength -->
        <test-method status="PASS" signature="checkContentType()[pri:0, instance:com.employeeapi.testcases.TC002_GET_Single_Employee_Record@5a61f5df]" name="checkContentType" duration-ms="0" started-at="2019-12-19T07:04:29Z" finished-at="2019-12-19T07:04:29Z">
          <reporter-output>
          </reporter-output>
        </test-method> <!-- checkContentType -->
        <test-method status="FAIL" signature="checkResponseBody()[pri:0, instance:com.employeeapi.testcases.TC002_GET_Single_Employee_Record@5a61f5df]" name="checkResponseBody" duration-ms="3" started-at="2019-12-19T07:04:29Z" finished-at="2019-12-19T07:04:29Z">
          <exception class="java.lang.AssertionError">
            <message>
              <![CDATA[expected [true] but found [false]]]>
            </message>
            <full-stacktrace>
              <![CDATA[java.lang.AssertionError: expected [true] but found [false]
at org.testng.Assert.fail(Assert.java:96)
at org.testng.Assert.failNotEquals(Assert.java:776)
at org.testng.Assert.assertEqualsImpl(Assert.java:137)
at org.testng.Assert.assertEquals(Assert.java:118)
at org.testng.Assert.assertEquals(Assert.java:568)
at org.testng.Assert.assertEquals(Assert.java:578)
at com.employeeapi.testcases.TC002_GET_Single_Employee_Record.checkResponseBody(TC002_GET_Single_Employee_Record.java:32)
at sun.reflect.NativeMethodAccessorImpl.invoke0(Native Method)
at sun.reflect.NativeMethodAccessorImpl.invoke(NativeMethodAccessorImpl.java:62)
at sun.reflect.DelegatingMethodAccessorImpl.invoke(DelegatingMethodAccessorImpl.java:43)
at java.lang.reflect.Method.invoke(Method.java:498)
at org.testng.internal.MethodInvocationHelper.invokeMethod(MethodInvocationHelper.java:124)
at org.testng.internal.Invoker.invokeMethod(Invoker.java:583)
at org.testng.internal.Invoker.invokeTestMethod(Invoker.java:719)
at org.testng.internal.Invoker.invokeTestMethods(Invoker.java:989)
at org.testng.internal.TestMethodWorker.invokeTestMethods(TestMethodWorker.java:125)
at org.testng.internal.TestMethodWorker.run(TestMethodWorker.java:109)
at org.testng.TestRunner.privateRun(TestRunner.java:648)
at org.testng.TestRunner.run(TestRunner.java:505)
at org.testng.SuiteRunner.runTest(SuiteRunner.java:455)
at org.testng.SuiteRunner.runSequentially(SuiteRunner.java:450)
at org.testng.SuiteRunner.privateRun(SuiteRunner.java:415)
at org.testng.SuiteRunner.run(SuiteRunner.java:364)
at org.testng.SuiteRunnerWorker.runSuite(SuiteRunnerWorker.java:52)
at org.testng.SuiteRunnerWorker.run(SuiteRunnerWorker.java:84)
at org.testng.TestNG.runSuitesSequentially(TestNG.java:1208)
at org.testng.TestNG.runSuitesLocally(TestNG.java:1137)
at org.testng.TestNG.runSuites(TestNG.java:1049)
at org.testng.TestNG.run(TestNG.java:1017)
at org.apache.maven.surefire.testng.TestNGExecutor.run(TestNGExecutor.java:283)
at org.apache.maven.surefire.testng.TestNGXmlTestSuite.execute(TestNGXmlTestSuite.java:75)
at org.apache.maven.surefire.testng.TestNGProvider.invoke(TestNGProvider.java:120)
at org.apache.maven.surefire.booter.ForkedBooter.invokeProviderInSameClassLoader(ForkedBooter.java:384)
at org.apache.maven.surefire.booter.ForkedBooter.runSuitesInProcess(ForkedBooter.java:345)
at org.apache.maven.surefire.booter.ForkedBooter.execute(ForkedBooter.java:126)
at org.apache.maven.surefire.booter.ForkedBooter.main(ForkedBooter.java:418)
]]>
            </full-stacktrace>
          </exception> <!-- java.lang.AssertionError -->
          <reporter-output>
          </reporter-output>
        </test-method> <!-- checkResponseBody -->
        <test-method status="PASS" signature="checkResponseTime()[pri:0, instance:com.employeeapi.testcases.TC002_GET_Single_Employee_Record@5a61f5df]" name="checkResponseTime" duration-ms="2" started-at="2019-12-19T07:04:29Z" finished-at="2019-12-19T07:04:29Z">
          <reporter-output>
          </reporter-output>
        </test-method> <!-- checkResponseTime -->
        <test-method status="PASS" signature="checkServerType()[pri:0, instance:com.employeeapi.testcases.TC002_GET_Single_Employee_Record@5a61f5df]" name="checkServerType" duration-ms="1" started-at="2019-12-19T07:04:29Z" finished-at="2019-12-19T07:04:29Z">
          <reporter-output>
          </reporter-output>
        </test-method> <!-- checkServerType -->
        <test-method status="PASS" signature="checkStatusCode()[pri:0, instance:com.employeeapi.testcases.TC002_GET_Single_Employee_Record@5a61f5df]" name="checkStatusCode" duration-ms="1" started-at="2019-12-19T07:04:29Z" finished-at="2019-12-19T07:04:29Z">
          <reporter-output>
          </reporter-output>
        </test-method> <!-- checkStatusCode -->
        <test-method status="PASS" signature="tearDown()[pri:0, instance:com.employeeapi.testcases.TC002_GET_Single_Employee_Record@5a61f5df]" name="tearDown" is-config="true" duration-ms="0" started-at="2019-12-19T07:04:29Z" finished-at="2019-12-19T07:04:29Z">
          <reporter-output>
          </reporter-output>
        </test-method> <!-- tearDown -->
        <test-method status="PASS" signature="checkStatusLine()[pri:0, instance:com.employeeapi.testcases.TC002_GET_Single_Employee_Record@5a61f5df]" name="checkStatusLine" duration-ms="0" started-at="2019-12-19T07:04:29Z" finished-at="2019-12-19T07:04:29Z">
          <reporter-output>
          </reporter-output>
        </test-method> <!-- checkStatusLine -->
      </class> <!-- com.employeeapi.testcases.TC002_GET_Single_Employee_Record -->
      <class name="com.employeeapi.testcases.TC001_GET_All_Employees">
        <test-method status="PASS" signature="setup()[pri:0, instance:com.employeeapi.testcases.TC001_GET_All_Employees@36f6e879]" name="setup" is-config="true" duration-ms="31" started-at="2019-12-19T07:04:16Z" finished-at="2019-12-19T07:04:16Z">
          <reporter-output>
          </reporter-output>
        </test-method> <!-- setup -->
        <test-method status="PASS" signature="getAllEmployees()[pri:0, instance:com.employeeapi.testcases.TC001_GET_All_Employees@36f6e879]" name="getAllEmployees" is-config="true" duration-ms="7112" started-at="2019-12-19T07:04:16Z" finished-at="2019-12-19T07:04:23Z">
          <reporter-output>
          </reporter-output>
        </test-method> <!-- getAllEmployees -->
        <test-method status="PASS" signature="ContentEncoding()[pri:0, instance:com.employeeapi.testcases.TC001_GET_All_Employees@36f6e879]" name="ContentEncoding" duration-ms="2" started-at="2019-12-19T07:04:23Z" finished-at="2019-12-19T07:04:23Z">
          <reporter-output>
          </reporter-output>
        </test-method> <!-- ContentEncoding -->
        <test-method status="FAIL" signature="checkContentLength()[pri:0, instance:com.employeeapi.testcases.TC001_GET_All_Employees@36f6e879]" name="checkContentLength" duration-ms="1" started-at="2019-12-19T07:04:23Z" finished-at="2019-12-19T07:04:23Z">
          <exception class="java.lang.NumberFormatException">
            <message>
              <![CDATA[null]]>
            </message>
            <full-stacktrace>
              <![CDATA[java.lang.NumberFormatException: null
at java.lang.Integer.parseInt(Integer.java:542)
at java.lang.Integer.parseInt(Integer.java:615)
at com.employeeapi.testcases.TC001_GET_All_Employees.checkContentLength(TC001_GET_All_Employees.java:110)
at sun.reflect.NativeMethodAccessorImpl.invoke0(Native Method)
at sun.reflect.NativeMethodAccessorImpl.invoke(NativeMethodAccessorImpl.java:62)
at sun.reflect.DelegatingMethodAccessorImpl.invoke(DelegatingMethodAccessorImpl.java:43)
at java.lang.reflect.Method.invoke(Method.java:498)
at org.testng.internal.MethodInvocationHelper.invokeMethod(MethodInvocationHelper.java:124)
at org.testng.internal.Invoker.invokeMethod(Invoker.java:583)
at org.testng.internal.Invoker.invokeTestMethod(Invoker.java:719)
at org.testng.internal.Invoker.invokeTestMethods(Invoker.java:989)
at org.testng.internal.TestMethodWorker.invokeTestMethods(TestMethodWorker.java:125)
at org.testng.internal.TestMethodWorker.run(TestMethodWorker.java:109)
at org.testng.TestRunner.privateRun(TestRunner.java:648)
at org.testng.TestRunner.run(TestRunner.java:505)
at org.testng.SuiteRunner.runTest(SuiteRunner.java:455)
at org.testng.SuiteRunner.runSequentially(SuiteRunner.java:450)
at org.testng.SuiteRunner.privateRun(SuiteRunner.java:415)
at org.testng.SuiteRunner.run(SuiteRunner.java:364)
at org.testng.SuiteRunnerWorker.runSuite(SuiteRunnerWorker.java:52)
at org.testng.SuiteRunnerWorker.run(SuiteRunnerWorker.java:84)
at org.testng.TestNG.runSuitesSequentially(TestNG.java:1208)
at org.testng.TestNG.runSuitesLocally(TestNG.java:1137)
at org.testng.TestNG.runSuites(TestNG.java:1049)
at org.testng.TestNG.run(TestNG.java:1017)
at org.apache.maven.surefire.testng.TestNGExecutor.run(TestNGExecutor.java:283)
at org.apache.maven.surefire.testng.TestNGXmlTestSuite.execute(TestNGXmlTestSuite.java:75)
at org.apache.maven.surefire.testng.TestNGProvider.invoke(TestNGProvider.java:120)
at org.apache.maven.surefire.booter.ForkedBooter.invokeProviderInSameClassLoader(ForkedBooter.java:384)
at org.apache.maven.surefire.booter.ForkedBooter.runSuitesInProcess(ForkedBooter.java:345)
at org.apache.maven.surefire.booter.ForkedBooter.execute(ForkedBooter.java:126)
at org.apache.maven.surefire.booter.ForkedBooter.main(ForkedBooter.java:418)
]]>
            </full-stacktrace>
          </exception> <!-- java.lang.NumberFormatException -->
          <reporter-output>
          </reporter-output>
        </test-method> <!-- checkContentLength -->
        <test-method status="PASS" signature="checkContentType()[pri:0, instance:com.employeeapi.testcases.TC001_GET_All_Employees@36f6e879]" name="checkContentType" duration-ms="1" started-at="2019-12-19T07:04:23Z" finished-at="2019-12-19T07:04:23Z">
          <reporter-output>
          </reporter-output>
        </test-method> <!-- checkContentType -->
        <test-method status="PASS" signature="checkCookies()[pri:0, instance:com.employeeapi.testcases.TC001_GET_All_Employees@36f6e879]" name="checkCookies" duration-ms="1" started-at="2019-12-19T07:04:23Z" finished-at="2019-12-19T07:04:23Z">
          <reporter-output>
          </reporter-output>
        </test-method> <!-- checkCookies -->
        <test-method status="PASS" signature="checkResponseBody()[pri:0, instance:com.employeeapi.testcases.TC001_GET_All_Employees@36f6e879]" name="checkResponseBody" duration-ms="18" started-at="2019-12-19T07:04:23Z" finished-at="2019-12-19T07:04:23Z">
          <reporter-output>
          </reporter-output>
        </test-method> <!-- checkResponseBody -->
        <test-method status="PASS" signature="checkResponseTime()[pri:0, instance:com.employeeapi.testcases.TC001_GET_All_Employees@36f6e879]" name="checkResponseTime" duration-ms="1" started-at="2019-12-19T07:04:23Z" finished-at="2019-12-19T07:04:23Z">
          <reporter-output>
          </reporter-output>
        </test-method> <!-- checkResponseTime -->
        <test-method status="PASS" signature="checkServerType()[pri:0, instance:com.employeeapi.testcases.TC001_GET_All_Employees@36f6e879]" name="checkServerType" duration-ms="1" started-at="2019-12-19T07:04:23Z" finished-at="2019-12-19T07:04:23Z">
          <reporter-output>
          </reporter-output>
        </test-method> <!-- checkServerType -->
        <test-method status="PASS" signature="checkStatusCode()[pri:0, instance:com.employeeapi.testcases.TC001_GET_All_Employees@36f6e879]" name="checkStatusCode" duration-ms="0" started-at="2019-12-19T07:04:23Z" finished-at="2019-12-19T07:04:23Z">
          <reporter-output>
          </reporter-output>
        </test-method> <!-- checkStatusCode -->
        <test-method status="PASS" signature="checkStatusLine()[pri:0, instance:com.employeeapi.testcases.TC001_GET_All_Employees@36f6e879]" name="checkStatusLine" duration-ms="1" started-at="2019-12-19T07:04:23Z" finished-at="2019-12-19T07:04:23Z">
          <reporter-output>
          </reporter-output>
        </test-method> <!-- checkStatusLine -->
        <test-method status="PASS" signature="tearDown()[pri:0, instance:com.employeeapi.testcases.TC001_GET_All_Employees@36f6e879]" name="tearDown" is-config="true" duration-ms="0" started-at="2019-12-19T07:04:23Z" finished-at="2019-12-19T07:04:23Z">
          <reporter-output>
          </reporter-output>
        </test-method> <!-- tearDown -->
      </class> <!-- com.employeeapi.testcases.TC001_GET_All_Employees -->
      <class name="com.employeeapi.testcases.TC003_POST_Employee_Record">
        <test-method status="PASS" signature="setup()[pri:0, instance:com.employeeapi.testcases.TC003_POST_Employee_Record@3551a94]" name="setup" is-config="true" duration-ms="4" started-at="2019-12-19T07:04:29Z" finished-at="2019-12-19T07:04:29Z">
          <reporter-output>
          </reporter-output>
        </test-method> <!-- setup -->
        <test-method status="PASS" signature="getEmployeeData()[pri:0, instance:com.employeeapi.testcases.TC003_POST_Employee_Record@3551a94]" name="getEmployeeData" is-config="true" duration-ms="5927" started-at="2019-12-19T07:04:29Z" finished-at="2019-12-19T07:04:35Z">
          <reporter-output>
          </reporter-output>
        </test-method> <!-- getEmployeeData -->
        <test-method status="PASS" signature="checkContentLength()[pri:0, instance:com.employeeapi.testcases.TC003_POST_Employee_Record@3551a94]" name="checkContentLength" duration-ms="3" started-at="2019-12-19T07:04:35Z" finished-at="2019-12-19T07:04:35Z">
          <reporter-output>
          </reporter-output>
        </test-method> <!-- checkContentLength -->
        <test-method status="PASS" signature="checkContentType()[pri:0, instance:com.employeeapi.testcases.TC003_POST_Employee_Record@3551a94]" name="checkContentType" duration-ms="1" started-at="2019-12-19T07:04:35Z" finished-at="2019-12-19T07:04:35Z">
          <reporter-output>
          </reporter-output>
        </test-method> <!-- checkContentType -->
        <test-method status="PASS" signature="checkResponseBody()[pri:0, instance:com.employeeapi.testcases.TC003_POST_Employee_Record@3551a94]" name="checkResponseBody" duration-ms="2" started-at="2019-12-19T07:04:35Z" finished-at="2019-12-19T07:04:35Z">
          <reporter-output>
          </reporter-output>
        </test-method> <!-- checkResponseBody -->
        <test-method status="PASS" signature="checkResponseTime()[pri:0, instance:com.employeeapi.testcases.TC003_POST_Employee_Record@3551a94]" name="checkResponseTime" duration-ms="2" started-at="2019-12-19T07:04:35Z" finished-at="2019-12-19T07:04:35Z">
          <reporter-output>
          </reporter-output>
        </test-method> <!-- checkResponseTime -->
        <test-method status="PASS" signature="checkServerType()[pri:0, instance:com.employeeapi.testcases.TC003_POST_Employee_Record@3551a94]" name="checkServerType" duration-ms="2" started-at="2019-12-19T07:04:35Z" finished-at="2019-12-19T07:04:35Z">
          <reporter-output>
          </reporter-output>
        </test-method> <!-- checkServerType -->
        <test-method status="PASS" signature="checkStatusCode()[pri:0, instance:com.employeeapi.testcases.TC003_POST_Employee_Record@3551a94]" name="checkStatusCode" duration-ms="1" started-at="2019-12-19T07:04:35Z" finished-at="2019-12-19T07:04:35Z">
          <reporter-output>
          </reporter-output>
        </test-method> <!-- checkStatusCode -->
        <test-method status="PASS" signature="checkStatusLine()[pri:0, instance:com.employeeapi.testcases.TC003_POST_Employee_Record@3551a94]" name="checkStatusLine" duration-ms="1" started-at="2019-12-19T07:04:35Z" finished-at="2019-12-19T07:04:35Z">
          <reporter-output>
          </reporter-output>
        </test-method> <!-- checkStatusLine -->
        <test-method status="PASS" signature="tearDown()[pri:0, instance:com.employeeapi.testcases.TC003_POST_Employee_Record@3551a94]" name="tearDown" is-config="true" duration-ms="0" started-at="2019-12-19T07:04:35Z" finished-at="2019-12-19T07:04:35Z">
          <reporter-output>
          </reporter-output>
        </test-method> <!-- tearDown -->
      </class> <!-- com.employeeapi.testcases.TC003_POST_Employee_Record -->
      <class name="com.employeeapi.testcases.TC004_PUT_Employee_Record">
        <test-method status="PASS" signature="setup()[pri:0, instance:com.employeeapi.testcases.TC004_PUT_Employee_Record@531be3c5]" name="setup" is-config="true" duration-ms="8" started-at="2019-12-19T07:04:35Z" finished-at="2019-12-19T07:04:35Z">
          <reporter-output>
          </reporter-output>
        </test-method> <!-- setup -->
        <test-method status="PASS" signature="getEmployeeData()[pri:0, instance:com.employeeapi.testcases.TC004_PUT_Employee_Record@531be3c5]" name="getEmployeeData" is-config="true" duration-ms="5791" started-at="2019-12-19T07:04:35Z" finished-at="2019-12-19T07:04:41Z">
          <reporter-output>
          </reporter-output>
        </test-method> <!-- getEmployeeData -->
        <test-method status="PASS" signature="checkContentLength()[pri:0, instance:com.employeeapi.testcases.TC004_PUT_Employee_Record@531be3c5]" name="checkContentLength" duration-ms="2" started-at="2019-12-19T07:04:41Z" finished-at="2019-12-19T07:04:41Z">
          <reporter-output>
          </reporter-output>
        </test-method> <!-- checkContentLength -->
        <test-method status="PASS" signature="checkContentType()[pri:0, instance:com.employeeapi.testcases.TC004_PUT_Employee_Record@531be3c5]" name="checkContentType" duration-ms="2" started-at="2019-12-19T07:04:41Z" finished-at="2019-12-19T07:04:41Z">
          <reporter-output>
          </reporter-output>
        </test-method> <!-- checkContentType -->
        <test-method status="PASS" signature="checkResponseBody()[pri:0, instance:com.employeeapi.testcases.TC004_PUT_Employee_Record@531be3c5]" name="checkResponseBody" duration-ms="2" started-at="2019-12-19T07:04:41Z" finished-at="2019-12-19T07:04:41Z">
          <reporter-output>
          </reporter-output>
        </test-method> <!-- checkResponseBody -->
        <test-method status="PASS" signature="checkResponseTime()[pri:0, instance:com.employeeapi.testcases.TC004_PUT_Employee_Record@531be3c5]" name="checkResponseTime" duration-ms="3" started-at="2019-12-19T07:04:41Z" finished-at="2019-12-19T07:04:41Z">
          <reporter-output>
          </reporter-output>
        </test-method> <!-- checkResponseTime -->
        <test-method status="PASS" signature="checkServerType()[pri:0, instance:com.employeeapi.testcases.TC004_PUT_Employee_Record@531be3c5]" name="checkServerType" duration-ms="1" started-at="2019-12-19T07:04:41Z" finished-at="2019-12-19T07:04:41Z">
          <reporter-output>
          </reporter-output>
        </test-method> <!-- checkServerType -->
        <test-method status="PASS" signature="checkStatusCode()[pri:0, instance:com.employeeapi.testcases.TC004_PUT_Employee_Record@531be3c5]" name="checkStatusCode" duration-ms="1" started-at="2019-12-19T07:04:41Z" finished-at="2019-12-19T07:04:41Z">
          <reporter-output>
          </reporter-output>
        </test-method> <!-- checkStatusCode -->
        <test-method status="PASS" signature="checkStatusLine()[pri:0, instance:com.employeeapi.testcases.TC004_PUT_Employee_Record@531be3c5]" name="checkStatusLine" duration-ms="2" started-at="2019-12-19T07:04:41Z" finished-at="2019-12-19T07:04:41Z">
          <reporter-output>
          </reporter-output>
        </test-method> <!-- checkStatusLine -->
        <test-method status="PASS" signature="tearDown()[pri:0, instance:com.employeeapi.testcases.TC004_PUT_Employee_Record@531be3c5]" name="tearDown" is-config="true" duration-ms="1" started-at="2019-12-19T07:04:41Z" finished-at="2019-12-19T07:04:41Z">
          <reporter-output>
          </reporter-output>
        </test-method> <!-- tearDown -->
      </class> <!-- com.employeeapi.testcases.TC004_PUT_Employee_Record -->
    </test> <!-- EmployeeRestAPITest -->
  </suite> <!-- EmployeeRestAPISuite -->
</testng-results>
