<?xml version="1.0" encoding="UTF-8"?>
<testsuite xmlns:xsi="http://www.w3.org/2001/XMLSchema-instance" xsi:noNamespaceSchemaLocation="https://maven.apache.org/surefire/maven-surefire-plugin/xsd/surefire-test-report-3.0.xsd" version="3.0" name="TestSuite" time="32.723" tests="38" errors="0" skipped="0" failures="2">
  <properties>
[...]
</properties>
  <testcase name="ContentEncoding" classname="com.employeeapi.testcases.TC001_GET_All_Employees" time="0.003"/>
  <testcase name="checkContentLength" classname="com.employeeapi.testcases.TC001_GET_All_Employees" time="0.01">
    <failure type="java.lang.NumberFormatException:">java.lang.NumberFormatException: null
	at com.employeeapi.testcases.TC001_GET_All_Employees.checkContentLength(TC001_GET_All_Employees.java:110)
</failure>
    <system-out><![CDATA[2019-12-19 12:34:23 INFO  EmployeesRestAPI:105 - ************** Checking Content Length *****************
2019-12-19 12:34:23 INFO  EmployeesRestAPI:108 - Content Length is ==>null
]]></system-out>
  </testcase>
  <testcase name="checkContentType" classname="com.employeeapi.testcases.TC001_GET_All_Employees" time="0"/>
  <testcase name="checkCookies" classname="com.employeeapi.testcases.TC001_GET_All_Employees" time="0.001"/>
  <testcase name="checkResponseBody" classname="com.employeeapi.testcases.TC001_GET_All_Employees" time="0.02"/>
  <testcase name="checkResponseTime" classname="com.employeeapi.testcases.TC001_GET_All_Employees" time="0.001"/>
  <testcase name="checkServerType" classname="com.employeeapi.testcases.TC001_GET_All_Employees" time="0"/>
  <testcase name="checkStatusCode" classname="com.employeeapi.testcases.TC001_GET_All_Employees" time="0"/>
  <testcase name="checkStatusLine" classname="com.employeeapi.testcases.TC001_GET_All_Employees" time="0"/>
  <testcase name="ContentEncoding" classname="com.employeeapi.testcases.TC002_GET_Single_Employee_Record" time="0.001"/>
  <testcase name="checkContentLength" classname="com.employeeapi.testcases.TC002_GET_Single_Employee_Record" time="0.001"/>
  <testcase name="checkContentType" classname="com.employeeapi.testcases.TC002_GET_Single_Employee_Record" time="0"/>
  <testcase name="checkResponseBody" classname="com.employeeapi.testcases.TC002_GET_Single_Employee_Record" time="0.002">
    <failure message="expected [true] but found [false]" type="java.lang.AssertionError">java.lang.AssertionError: expected [true] but found [false]
	at com.employeeapi.testcases.TC002_GET_Single_Employee_Record.checkResponseBody(TC002_GET_Single_Employee_Record.java:32)
</failure>
    <system-out><![CDATA[2019-12-19 12:34:29 INFO  EmployeesRestAPI:28 - ************** Checking Response Body *****************
2019-12-19 12:34:29 INFO  EmployeesRestAPI:30 - Response Body==>false<script type='text/javascript' style='display:none;' async>
__ez.queue.addFile('edmonton.php', '/detroitchicago/edmonton.webp?a=a&cb=3&shcb=32', true, [], true, false, false, false);
__ez.queue.addFile('jellyfish.php', '/porpoiseant/jellyfish.webp?a=a&cb=3&shcb=32', false, [], true, false, false, false);
</script>

<script>var _audins_dom="restapiexample_com",_audins_did=133674;__ez.queue.addDelayFunc("audins.js","__ez.script.add", "//go.ezoic.net/detroitchicago/audins.js?cb=188-3");</script><noscript><div style="display:none;"><img src="//pixel.quantserve.com/pixel/p-31iz6hfFutd16.gif?labels=Domain.restapiexample_com,DomainId.133674" border="0" height="1" width="1" alt="Quantcast"/></div></noscript><noscript><img src="https://sb.scorecardresearch.com/p?c1=2&c2=20015427&cv=2.0&cj=1"/></noscript>
<script type='text/javascript'>(function(){function b(e,c){for(var d=0;d<c.length;d++){var f=c[d];if(0==f.complete||"undefined"!=typeof f.readyState&&4>f.readyState){var g=f.getAttribute("src")||f.currentSrc;"undefined"!=typeof f.readyState&&0==f.readyState?f.addEventListener("loadstart",function(h){var k=h.getAttribute("src")||h.currentSrc;window.ezorqs(h,k)}):(g=f.getAttribute("src")||f.currentSrc,window.ezorqs(f,g));f.addEventListener("load",function(h){var k=h.currentTarget.getAttribute("src")||h.srcElement.currentSrc;window.ezorqe(h,
		k)});f.addEventListener("loadeddata",function(h){var k=h.currentTarget.getAttribute("src")||h.srcElement.currentSrc;window.ezorqe(h,k)});f.addEventListener("error",function(h){var k=h.currentTarget.getAttribute("src")||h.srcElement.currentSrc;window.ezorqe(h,k)})}}}function a(e){for(var c=0;c<document.styleSheets.length;c++)if(document.styleSheets[c].href==e)return!0;return!1}b("img",document.querySelectorAll("img"));b("video",document.querySelectorAll("video"));b("audio",document.querySelectorAll("audio"));
		(function(e){for(var c=0;c<e.length;c++){var d=e[c];if(("preload"==d.getAttribute("rel")||"stylesheet"==d.getAttribute("rel"))&&null!=d.getAttribute("href")&&a(d.getAttribute("href"))){window.ezorqs(d,d.getAttribute("href"));var f=document.createElement("img");f.onerror=function(g){"undefined"!=typeof g.path&&"undefined"!=typeof g.path[0].currentSrc?window.ezorqe(d,g.path[0].currentSrc):"undefined"!=typeof g.srcElement&&"undefined"!=typeof g.srcElement.href&&window.ezorqe(d,g.srcElement.href)};f.src=
		d.getAttribute("href")}}})(document.querySelectorAll("link"));Element.prototype.addEventListener&&("function"==typeof window.onload&&(window.addEventListener("load",window.onload),window.onload=null),"function"==typeof document.onload&&(document.addEventListener.addEventListener("load",document.onload),document.onload=null))})();</script>
]]></system-out>
  </testcase>
  <testcase name="checkResponseTime" classname="com.employeeapi.testcases.TC002_GET_Single_Employee_Record" time="0.001"/>
  <testcase name="checkServerType" classname="com.employeeapi.testcases.TC002_GET_Single_Employee_Record" time="0.001"/>
  <testcase name="checkStatusCode" classname="com.employeeapi.testcases.TC002_GET_Single_Employee_Record" time="0.001"/>
  <testcase name="checkStatusLine" classname="com.employeeapi.testcases.TC002_GET_Single_Employee_Record" time="0"/>
  <testcase name="checkContentLength" classname="com.employeeapi.testcases.TC003_POST_Employee_Record" time="0.002"/>
  <testcase name="checkContentType" classname="com.employeeapi.testcases.TC003_POST_Employee_Record" time="0.001"/>
  <testcase name="checkResponseBody" classname="com.employeeapi.testcases.TC003_POST_Employee_Record" time="0.002"/>
  <testcase name="checkResponseTime" classname="com.employeeapi.testcases.TC003_POST_Employee_Record" time="0.001"/>
  <testcase name="checkServerType" classname="com.employeeapi.testcases.TC003_POST_Employee_Record" time="0.002"/>
  <testcase name="checkStatusCode" classname="com.employeeapi.testcases.TC003_POST_Employee_Record" time="0.001"/>
  <testcase name="checkStatusLine" classname="com.employeeapi.testcases.TC003_POST_Employee_Record" time="0.001"/>
  <testcase name="checkContentLength" classname="com.employeeapi.testcases.TC004_PUT_Employee_Record" time="0.002"/>
  <testcase name="checkContentType" classname="com.employeeapi.testcases.TC004_PUT_Employee_Record" time="0.001"/>
  <testcase name="checkResponseBody" classname="com.employeeapi.testcases.TC004_PUT_Employee_Record" time="0.003"/>
  <testcase name="checkResponseTime" classname="com.employeeapi.testcases.TC004_PUT_Employee_Record" time="0.003"/>
  <testcase name="checkServerType" classname="com.employeeapi.testcases.TC004_PUT_Employee_Record" time="0.002"/>
  <testcase name="checkStatusCode" classname="com.employeeapi.testcases.TC004_PUT_Employee_Record" time="0.002"/>
  <testcase name="checkStatusLine" classname="com.employeeapi.testcases.TC004_PUT_Employee_Record" time="0.002"/>
  <testcase name="checkContentLength" classname="com.employeeapi.testcases.TC005_DELETE_Employee_Record" time="0.001"/>
  <testcase name="checkContentType" classname="com.employeeapi.testcases.TC005_DELETE_Employee_Record" time="0.001"/>
  <testcase name="checkResponseBody" classname="com.employeeapi.testcases.TC005_DELETE_Employee_Record" time="0.001"/>
  <testcase name="checkResponseTime" classname="com.employeeapi.testcases.TC005_DELETE_Employee_Record" time="0.001"/>
  <testcase name="checkServerType" classname="com.employeeapi.testcases.TC005_DELETE_Employee_Record" time="0.001"/>
  <testcase name="checkStatusCode" classname="com.employeeapi.testcases.TC005_DELETE_Employee_Record" time="0.001"/>
  <testcase name="checkStatusLine" classname="com.employeeapi.testcases.TC005_DELETE_Employee_Record" time="0.001"/>
</testsuite>