<?xml version="1.0" encoding="UTF-8"?>
<testsuite xmlns:xsi="http://www.w3.org/2001/XMLSchema-instance" xsi:noNamespaceSchemaLocation="https://maven.apache.org/surefire/maven-surefire-plugin/xsd/surefire-test-report-3.0.xsd" version="3.0" name="TestSuite" time="32.526" tests="38" errors="0" skipped="0" failures="3">
  <properties>
[...]
</properties>
  <testcase name="ContentEncoding" classname="com.employeeapi.testcases.TC001_GET_All_Employees" time="0.009"/>
  <testcase name="checkContentLength" classname="com.employeeapi.testcases.TC001_GET_All_Employees" time="0.001"/>
  <testcase name="checkContentType" classname="com.employeeapi.testcases.TC001_GET_All_Employees" time="0"/>
  <testcase name="checkCookies" classname="com.employeeapi.testcases.TC001_GET_All_Employees" time="0.001"/>
  <testcase name="checkResponseBody" classname="com.employeeapi.testcases.TC001_GET_All_Employees" time="0.029"/>
  <testcase name="checkResponseTime" classname="com.employeeapi.testcases.TC001_GET_All_Employees" time="0"/>
  <testcase name="checkServerType" classname="com.employeeapi.testcases.TC001_GET_All_Employees" time="0.01">
    <failure message="expected [Apache] but found [nginx/1.16.0]" type="java.lang.AssertionError">java.lang.AssertionError: expected [Apache] but found [nginx/1.16.0]
	at com.employeeapi.testcases.TC001_GET_All_Employees.checkServerType(TC001_GET_All_Employees.java:89)
</failure>
    <system-out><![CDATA[2019-11-12 17:01:38 INFO  EmployeesRestAPI:86 - ************** Checking Server Type *****************
2019-11-12 17:01:38 INFO  EmployeesRestAPI:88 - Server Type is ==>nginx/1.16.0
]]></system-out>
  </testcase>
  <testcase name="checkStatusCode" classname="com.employeeapi.testcases.TC001_GET_All_Employees" time="0"/>
  <testcase name="checkStatusLine" classname="com.employeeapi.testcases.TC001_GET_All_Employees" time="0.001"/>
  <testcase name="ContentEncoding" classname="com.employeeapi.testcases.TC002_GET_Single_Employee_Record" time="0.001"/>
  <testcase name="checkContentLength" classname="com.employeeapi.testcases.TC002_GET_Single_Employee_Record" time="0.001"/>
  <testcase name="checkContentType" classname="com.employeeapi.testcases.TC002_GET_Single_Employee_Record" time="0.001"/>
  <testcase name="checkResponseBody" classname="com.employeeapi.testcases.TC002_GET_Single_Employee_Record" time="0.001"/>
  <testcase name="checkResponseTime" classname="com.employeeapi.testcases.TC002_GET_Single_Employee_Record" time="0"/>
  <testcase name="checkServerType" classname="com.employeeapi.testcases.TC002_GET_Single_Employee_Record" time="0"/>
  <testcase name="checkStatusCode" classname="com.employeeapi.testcases.TC002_GET_Single_Employee_Record" time="0"/>
  <testcase name="checkStatusLine" classname="com.employeeapi.testcases.TC002_GET_Single_Employee_Record" time="0.001"/>
  <testcase name="checkContentLength" classname="com.employeeapi.testcases.TC003_POST_Employee_Record" time="0.002"/>
  <testcase name="checkContentType" classname="com.employeeapi.testcases.TC003_POST_Employee_Record" time="0.002"/>
  <testcase name="checkResponseBody" classname="com.employeeapi.testcases.TC003_POST_Employee_Record" time="0.002"/>
  <testcase name="checkResponseTime" classname="com.employeeapi.testcases.TC003_POST_Employee_Record" time="0.002"/>
  <testcase name="checkServerType" classname="com.employeeapi.testcases.TC003_POST_Employee_Record" time="0.002">
    <failure message="expected [Apache] but found [nginx/1.16.0]" type="java.lang.AssertionError">java.lang.AssertionError: expected [Apache] but found [nginx/1.16.0]
	at com.employeeapi.testcases.TC003_POST_Employee_Record.checkServerType(TC003_POST_Employee_Record.java:105)
</failure>
    <system-out><![CDATA[2019-11-12 17:01:50 INFO  EmployeesRestAPI:102 - ************** Checking Server Type *****************
2019-11-12 17:01:50 INFO  EmployeesRestAPI:104 - Server Type is ==>nginx/1.16.0
]]></system-out>
  </testcase>
  <testcase name="checkStatusCode" classname="com.employeeapi.testcases.TC003_POST_Employee_Record" time="0.002"/>
  <testcase name="checkStatusLine" classname="com.employeeapi.testcases.TC003_POST_Employee_Record" time="0.002"/>
  <testcase name="checkContentLength" classname="com.employeeapi.testcases.TC004_PUT_Employee_Record" time="0.002"/>
  <testcase name="checkContentType" classname="com.employeeapi.testcases.TC004_PUT_Employee_Record" time="0.002"/>
  <testcase name="checkResponseBody" classname="com.employeeapi.testcases.TC004_PUT_Employee_Record" time="0.002"/>
  <testcase name="checkResponseTime" classname="com.employeeapi.testcases.TC004_PUT_Employee_Record" time="0.002"/>
  <testcase name="checkServerType" classname="com.employeeapi.testcases.TC004_PUT_Employee_Record" time="0.002">
    <failure message="expected [Apache] but found [nginx/1.16.0]" type="java.lang.AssertionError">java.lang.AssertionError: expected [Apache] but found [nginx/1.16.0]
	at com.employeeapi.testcases.TC004_PUT_Employee_Record.checkServerType(TC004_PUT_Employee_Record.java:104)
</failure>
    <system-out><![CDATA[2019-11-12 17:01:55 INFO  EmployeesRestAPI:101 - ************** Checking Server Type *****************
2019-11-12 17:01:55 INFO  EmployeesRestAPI:103 - Server Type is ==>nginx/1.16.0
]]></system-out>
  </testcase>
  <testcase name="checkStatusCode" classname="com.employeeapi.testcases.TC004_PUT_Employee_Record" time="0.002"/>
  <testcase name="checkStatusLine" classname="com.employeeapi.testcases.TC004_PUT_Employee_Record" time="0.002"/>
  <testcase name="checkContentLength" classname="com.employeeapi.testcases.TC005_DELETE_Employee_Record" time="0.001"/>
  <testcase name="checkContentType" classname="com.employeeapi.testcases.TC005_DELETE_Employee_Record" time="0.001"/>
  <testcase name="checkResponseBody" classname="com.employeeapi.testcases.TC005_DELETE_Employee_Record" time="0.001"/>
  <testcase name="checkResponseTime" classname="com.employeeapi.testcases.TC005_DELETE_Employee_Record" time="0.001"/>
  <testcase name="checkServerType" classname="com.employeeapi.testcases.TC005_DELETE_Employee_Record" time="0"/>
  <testcase name="checkStatusCode" classname="com.employeeapi.testcases.TC005_DELETE_Employee_Record" time="0"/>
  <testcase name="checkStatusLine" classname="com.employeeapi.testcases.TC005_DELETE_Employee_Record" time="0"/>
</testsuite>