-------------------------------------------------------------------------------
Test set: TestSuite
-------------------------------------------------------------------------------
Tests run: 38, Failures: 2, Errors: 0, Skipped: 0, Time elapsed: 32.723 s <<< FAILURE! - in TestSuite
checkContentLength(com.employeeapi.testcases.TC001_GET_All_Employees)  Time elapsed: 0.01 s  <<< FAILURE!
java.lang.NumberFormatException: null
	at com.employeeapi.testcases.TC001_GET_All_Employees.checkContentLength(TC001_GET_All_Employees.java:110)

checkResponseBody(com.employeeapi.testcases.TC002_GET_Single_Employee_Record)  Time elapsed: 0.002 s  <<< FAILURE!
java.lang.AssertionError: expected [true] but found [false]
	at com.employeeapi.testcases.TC002_GET_Single_Employee_Record.checkResponseBody(TC002_GET_Single_Employee_Record.java:32)

