<?xml version="1.0" encoding="UTF-8"?>
<!-- Generated by org.testng.reporters.JUnitXMLReporter -->
<testsuite hostname="XIPL0505" ignored="0" name="EmployeeRestAPITest" tests="38" failures="3" timestamp="12 Nov 2019 11:32:02 GMT" time="31.412" errors="0">
  <testcase name="ContentEncoding" time="0.007" classname="com.employeeapi.testcases.TC001_GET_All_Employees"/>
  <testcase name="checkContentLength" time="0.001" classname="com.employeeapi.testcases.TC001_GET_All_Employees"/>
  <testcase name="checkContentType" time="0.001" classname="com.employeeapi.testcases.TC001_GET_All_Employees"/>
  <testcase name="checkCookies" time="0.001" classname="com.employeeapi.testcases.TC001_GET_All_Employees"/>
  <testcase name="checkResponseBody" time="0.027" classname="com.employeeapi.testcases.TC001_GET_All_Employees"/>
  <testcase name="checkResponseTime" time="0.0" classname="com.employeeapi.testcases.TC001_GET_All_Employees"/>
  <testcase name="checkServerType" time="0.001" classname="com.employeeapi.testcases.TC001_GET_All_Employees">
    <failure type="java.lang.AssertionError" message="expected [Apache] but found [nginx/1.16.0]">
      <![CDATA[java.lang.AssertionError: expected [Apache] but found [nginx/1.16.0]
at com.employeeapi.testcases.TC001_GET_All_Employees.checkServerType(TC001_GET_All_Employees.java:89)
... Removed 35 stack frames]]>
    </failure>
  </testcase> <!-- checkServerType -->
  <testcase name="checkStatusCode" time="0.0" classname="com.employeeapi.testcases.TC001_GET_All_Employees"/>
  <testcase name="checkStatusLine" time="0.002" classname="com.employeeapi.testcases.TC001_GET_All_Employees"/>
  <testcase name="ContentEncoding" time="0.001" classname="com.employeeapi.testcases.TC002_GET_Single_Employee_Record"/>
  <testcase name="checkContentLength" time="0.001" classname="com.employeeapi.testcases.TC002_GET_Single_Employee_Record"/>
  <testcase name="checkContentType" time="0.001" classname="com.employeeapi.testcases.TC002_GET_Single_Employee_Record"/>
  <testcase name="checkResponseBody" time="0.001" classname="com.employeeapi.testcases.TC002_GET_Single_Employee_Record"/>
  <testcase name="checkResponseTime" time="0.0" classname="com.employeeapi.testcases.TC002_GET_Single_Employee_Record"/>
  <testcase name="checkServerType" time="0.0" classname="com.employeeapi.testcases.TC002_GET_Single_Employee_Record"/>
  <testcase name="checkStatusCode" time="0.001" classname="com.employeeapi.testcases.TC002_GET_Single_Employee_Record"/>
  <testcase name="checkStatusLine" time="0.001" classname="com.employeeapi.testcases.TC002_GET_Single_Employee_Record"/>
  <testcase name="checkContentLength" time="0.002" classname="com.employeeapi.testcases.TC003_POST_Employee_Record"/>
  <testcase name="checkContentType" time="0.002" classname="com.employeeapi.testcases.TC003_POST_Employee_Record"/>
  <testcase name="checkResponseBody" time="0.002" classname="com.employeeapi.testcases.TC003_POST_Employee_Record"/>
  <testcase name="checkResponseTime" time="0.001" classname="com.employeeapi.testcases.TC003_POST_Employee_Record"/>
  <testcase name="checkServerType" time="0.002" classname="com.employeeapi.testcases.TC003_POST_Employee_Record">
    <failure type="java.lang.AssertionError" message="expected [Apache] but found [nginx/1.16.0]">
      <![CDATA[java.lang.AssertionError: expected [Apache] but found [nginx/1.16.0]
at com.employeeapi.testcases.TC003_POST_Employee_Record.checkServerType(TC003_POST_Employee_Record.java:105)
... Removed 35 stack frames]]>
    </failure>
  </testcase> <!-- checkServerType -->
  <testcase name="checkStatusCode" time="0.001" classname="com.employeeapi.testcases.TC003_POST_Employee_Record"/>
  <testcase name="checkStatusLine" time="0.002" classname="com.employeeapi.testcases.TC003_POST_Employee_Record"/>
  <testcase name="checkContentLength" time="0.003" classname="com.employeeapi.testcases.TC004_PUT_Employee_Record"/>
  <testcase name="checkContentType" time="0.002" classname="com.employeeapi.testcases.TC004_PUT_Employee_Record"/>
  <testcase name="checkResponseBody" time="0.002" classname="com.employeeapi.testcases.TC004_PUT_Employee_Record"/>
  <testcase name="checkResponseTime" time="0.002" classname="com.employeeapi.testcases.TC004_PUT_Employee_Record"/>
  <testcase name="checkServerType" time="0.002" classname="com.employeeapi.testcases.TC004_PUT_Employee_Record">
    <failure type="java.lang.AssertionError" message="expected [Apache] but found [nginx/1.16.0]">
      <![CDATA[java.lang.AssertionError: expected [Apache] but found [nginx/1.16.0]
at com.employeeapi.testcases.TC004_PUT_Employee_Record.checkServerType(TC004_PUT_Employee_Record.java:104)
... Removed 35 stack frames]]>
    </failure>
  </testcase> <!-- checkServerType -->
  <testcase name="checkStatusCode" time="0.002" classname="com.employeeapi.testcases.TC004_PUT_Employee_Record"/>
  <testcase name="checkStatusLine" time="0.001" classname="com.employeeapi.testcases.TC004_PUT_Employee_Record"/>
  <testcase name="checkContentLength" time="0.001" classname="com.employeeapi.testcases.TC005_DELETE_Employee_Record"/>
  <testcase name="checkContentType" time="0.0" classname="com.employeeapi.testcases.TC005_DELETE_Employee_Record"/>
  <testcase name="checkResponseBody" time="0.001" classname="com.employeeapi.testcases.TC005_DELETE_Employee_Record"/>
  <testcase name="checkResponseTime" time="0.001" classname="com.employeeapi.testcases.TC005_DELETE_Employee_Record"/>
  <testcase name="checkServerType" time="0.001" classname="com.employeeapi.testcases.TC005_DELETE_Employee_Record"/>
  <testcase name="checkStatusCode" time="0.001" classname="com.employeeapi.testcases.TC005_DELETE_Employee_Record"/>
  <testcase name="checkStatusLine" time="0.001" classname="com.employeeapi.testcases.TC005_DELETE_Employee_Record"/>
</testsuite> <!-- EmployeeRestAPITest -->
