<?xml version="1.0" encoding="UTF-8"?>
<!-- Generated by org.testng.reporters.JUnitXMLReporter -->
<testsuite hostname="XIPL0505" ignored="0" name="EmployeeRestAPITest" tests="38" failures="2" timestamp="19 Dec 2019 07:04:47 GMT" time="31.938" errors="0">
  <testcase name="ContentEncoding" time="0.002" classname="com.employeeapi.testcases.TC001_GET_All_Employees"/>
  <testcase name="checkContentLength" time="0.001" classname="com.employeeapi.testcases.TC001_GET_All_Employees">
    <failure type="java.lang.NumberFormatException" message="null">
      <![CDATA[java.lang.NumberFormatException: null
at java.lang.Integer.parseInt(Integer.java:542)
at java.lang.Integer.parseInt(Integer.java:615)
at com.employeeapi.testcases.TC001_GET_All_Employees.checkContentLength(TC001_GET_All_Employees.java:110)
... Removed 29 stack frames]]>
    </failure>
  </testcase> <!-- checkContentLength -->
  <testcase name="checkContentType" time="0.001" classname="com.employeeapi.testcases.TC001_GET_All_Employees"/>
  <testcase name="checkCookies" time="0.001" classname="com.employeeapi.testcases.TC001_GET_All_Employees"/>
  <testcase name="checkResponseBody" time="0.018" classname="com.employeeapi.testcases.TC001_GET_All_Employees"/>
  <testcase name="checkResponseTime" time="0.001" classname="com.employeeapi.testcases.TC001_GET_All_Employees"/>
  <testcase name="checkServerType" time="0.001" classname="com.employeeapi.testcases.TC001_GET_All_Employees"/>
  <testcase name="checkStatusCode" time="0.0" classname="com.employeeapi.testcases.TC001_GET_All_Employees"/>
  <testcase name="checkStatusLine" time="0.001" classname="com.employeeapi.testcases.TC001_GET_All_Employees"/>
  <testcase name="ContentEncoding" time="0.0" classname="com.employeeapi.testcases.TC002_GET_Single_Employee_Record"/>
  <testcase name="checkContentLength" time="0.001" classname="com.employeeapi.testcases.TC002_GET_Single_Employee_Record"/>
  <testcase name="checkContentType" time="0.0" classname="com.employeeapi.testcases.TC002_GET_Single_Employee_Record"/>
  <testcase name="checkResponseBody" time="0.003" classname="com.employeeapi.testcases.TC002_GET_Single_Employee_Record">
    <failure type="java.lang.AssertionError" message="expected [true] but found [false]">
      <![CDATA[java.lang.AssertionError: expected [true] but found [false]
at com.employeeapi.testcases.TC002_GET_Single_Employee_Record.checkResponseBody(TC002_GET_Single_Employee_Record.java:32)
... Removed 35 stack frames]]>
    </failure>
  </testcase> <!-- checkResponseBody -->
  <testcase name="checkResponseTime" time="0.002" classname="com.employeeapi.testcases.TC002_GET_Single_Employee_Record"/>
  <testcase name="checkServerType" time="0.001" classname="com.employeeapi.testcases.TC002_GET_Single_Employee_Record"/>
  <testcase name="checkStatusCode" time="0.001" classname="com.employeeapi.testcases.TC002_GET_Single_Employee_Record"/>
  <testcase name="checkStatusLine" time="0.0" classname="com.employeeapi.testcases.TC002_GET_Single_Employee_Record"/>
  <testcase name="checkContentLength" time="0.003" classname="com.employeeapi.testcases.TC003_POST_Employee_Record"/>
  <testcase name="checkContentType" time="0.001" classname="com.employeeapi.testcases.TC003_POST_Employee_Record"/>
  <testcase name="checkResponseBody" time="0.002" classname="com.employeeapi.testcases.TC003_POST_Employee_Record"/>
  <testcase name="checkResponseTime" time="0.002" classname="com.employeeapi.testcases.TC003_POST_Employee_Record"/>
  <testcase name="checkServerType" time="0.002" classname="com.employeeapi.testcases.TC003_POST_Employee_Record"/>
  <testcase name="checkStatusCode" time="0.001" classname="com.employeeapi.testcases.TC003_POST_Employee_Record"/>
  <testcase name="checkStatusLine" time="0.001" classname="com.employeeapi.testcases.TC003_POST_Employee_Record"/>
  <testcase name="checkContentLength" time="0.002" classname="com.employeeapi.testcases.TC004_PUT_Employee_Record"/>
  <testcase name="checkContentType" time="0.002" classname="com.employeeapi.testcases.TC004_PUT_Employee_Record"/>
  <testcase name="checkResponseBody" time="0.002" classname="com.employeeapi.testcases.TC004_PUT_Employee_Record"/>
  <testcase name="checkResponseTime" time="0.003" classname="com.employeeapi.testcases.TC004_PUT_Employee_Record"/>
  <testcase name="checkServerType" time="0.001" classname="com.employeeapi.testcases.TC004_PUT_Employee_Record"/>
  <testcase name="checkStatusCode" time="0.001" classname="com.employeeapi.testcases.TC004_PUT_Employee_Record"/>
  <testcase name="checkStatusLine" time="0.002" classname="com.employeeapi.testcases.TC004_PUT_Employee_Record"/>
  <testcase name="checkContentLength" time="0.001" classname="com.employeeapi.testcases.TC005_DELETE_Employee_Record"/>
  <testcase name="checkContentType" time="0.001" classname="com.employeeapi.testcases.TC005_DELETE_Employee_Record"/>
  <testcase name="checkResponseBody" time="0.001" classname="com.employeeapi.testcases.TC005_DELETE_Employee_Record"/>
  <testcase name="checkResponseTime" time="0.001" classname="com.employeeapi.testcases.TC005_DELETE_Employee_Record"/>
  <testcase name="checkServerType" time="0.001" classname="com.employeeapi.testcases.TC005_DELETE_Employee_Record"/>
  <testcase name="checkStatusCode" time="0.001" classname="com.employeeapi.testcases.TC005_DELETE_Employee_Record"/>
  <testcase name="checkStatusLine" time="0.0" classname="com.employeeapi.testcases.TC005_DELETE_Employee_Record"/>
</testsuite> <!-- EmployeeRestAPITest -->
